<?xml version="1.0" encoding="UTF-8"?>
<testsuite name="org.example.breadfest.PlayerTest" tests="7" skipped="0" failures="0" errors="0" timestamp="2024-04-12T02:01:31" hostname="Gustavs-MacBook-Pro.local" time="0.006">
  <properties/>
  <testcase name="fightDinosaur()" classname="org.example.breadfest.PlayerTest" time="0.0"/>
  <testcase name="getInstance()" classname="org.example.breadfest.PlayerTest" time="0.002"/>
  <testcase name="addToDamageModifier()" classname="org.example.breadfest.PlayerTest" time="0.0"/>
  <testcase name="changeCurrPatience()" classname="org.example.breadfest.PlayerTest" time="0.0"/>
  <testcase name="upgradeBasePatience()" classname="org.example.breadfest.PlayerTest" time="0.001"/>
  <testcase name="rollCurrentDie()" classname="org.example.breadfest.PlayerTest" time="0.0"/>
  <testcase name="getIngredientInventory()" classname="org.example.breadfest.PlayerTest" time="0.001"/>
  <system-out><![CDATA[]]></system-out>
  <system-err><![CDATA[]]></system-err>
</testsuite>
