<?xml version="1.0" encoding="UTF-8"?>
<testsuite name="org.example.breadfest.CaveTest" tests="9" skipped="0" failures="0" errors="0" timestamp="2024-05-01T03:06:05" hostname="econ2-204-18-edu.int.colorado.edu" time="0.006">
  <properties/>
  <testcase name="hasRoomBeenVisited()" classname="org.example.breadfest.CaveTest" time="0.001"/>
  <testcase name="generateNeighboringRoomsMap()" classname="org.example.breadfest.CaveTest" time="0.0"/>
  <testcase name="testConstruction()" classname="org.example.breadfest.CaveTest" time="0.0"/>
  <testcase name="enterRoom()" classname="org.example.breadfest.CaveTest" time="0.001"/>
  <testcase name="enterRoom0()" classname="org.example.breadfest.CaveTest" time="0.0"/>
  <testcase name="move()" classname="org.example.breadfest.CaveTest" time="0.001"/>
  <testcase name="getRoomDinosaurs()" classname="org.example.breadfest.CaveTest" time="0.0"/>
  <testcase name="getRoomIngredients()" classname="org.example.breadfest.CaveTest" time="0.0"/>
  <testcase name="getDepth()" classname="org.example.breadfest.CaveTest" time="0.0"/>
  <system-out><![CDATA[Moved to depth 1
]]></system-out>
  <system-err><![CDATA[]]></system-err>
</testsuite>
