<?xml version="1.0" encoding="UTF-8"?>
<testsuite name="org.example.breadfest.APlayerTest" tests="1" skipped="0" failures="0" errors="0" timestamp="2024-05-01T01:21:52" hostname="econ2-204-18-edu.int.colorado.edu" time="0.066">
  <properties/>
  <testcase name="setFightingDinosaur()" classname="org.example.breadfest.APlayerTest" time="0.066"/>
  <system-out><![CDATA[]]></system-out>
  <system-err><![CDATA[]]></system-err>
</testsuite>
