<?xml version="1.0" encoding="UTF-8"?>
<testsuite name="org.example.breadfest.ingredients.IngredientFactoryTest" tests="4" skipped="0" failures="0" errors="0" timestamp="2024-04-11T23:17:54" hostname="Gustavs-MacBook-Pro.local" time="0.004">
  <properties/>
  <testcase name="makeIngredientByType()" classname="org.example.breadfest.ingredients.IngredientFactoryTest" time="0.001"/>
  <testcase name="testCreation()" classname="org.example.breadfest.ingredients.IngredientFactoryTest" time="0.0"/>
  <testcase name="makeIngredient()" classname="org.example.breadfest.ingredients.IngredientFactoryTest" time="0.0"/>
  <testcase name="makeNuclearIngredient()" classname="org.example.breadfest.ingredients.IngredientFactoryTest" time="0.0"/>
  <system-out><![CDATA[]]></system-out>
  <system-err><![CDATA[]]></system-err>
</testsuite>
