<?xml version="1.0" encoding="UTF-8"?>
<testsuite name="org.example.breadfest.APlayerTest" tests="7" skipped="0" failures="0" errors="0" timestamp="2024-04-30T04:05:43" hostname="Gustavs-MacBook-Pro.local" time="0.07">
  <properties/>
  <testcase name="fightDinosaur()" classname="org.example.breadfest.APlayerTest" time="0.006"/>
  <testcase name="getInstance()" classname="org.example.breadfest.APlayerTest" time="0.059"/>
  <testcase name="addToDamageModifier()" classname="org.example.breadfest.APlayerTest" time="0.0"/>
  <testcase name="changeCurrPatience()" classname="org.example.breadfest.APlayerTest" time="0.0"/>
  <testcase name="upgradeBasePatience()" classname="org.example.breadfest.APlayerTest" time="0.0"/>
  <testcase name="rollCurrentDie()" classname="org.example.breadfest.APlayerTest" time="0.0"/>
  <testcase name="getIngredientInventory()" classname="org.example.breadfest.APlayerTest" time="0.001"/>
  <system-out><![CDATA[]]></system-out>
  <system-err><![CDATA[]]></system-err>
</testsuite>
