<?xml version="1.0" encoding="UTF-8"?>
<testsuite name="org.example.breadfest.DieTest" tests="1" skipped="0" failures="0" errors="0" timestamp="2024-04-23T01:03:42" hostname="Gustavs-MacBook-Pro.local" time="0.065">
  <properties/>
  <testcase name="testCommonDieMethods()" classname="org.example.breadfest.DieTest" time="0.065"/>
  <system-out><![CDATA[Bad Die
1
]]></system-out>
  <system-err><![CDATA[]]></system-err>
</testsuite>
