<?xml version="1.0" encoding="UTF-8"?>
<testsuite name="org.example.breadfest.ingredients.IngredientTest" tests="4" skipped="0" failures="0" errors="0" timestamp="2024-04-12T02:01:31" hostname="Gustavs-MacBook-Pro.local" time="0.001">
  <properties/>
  <testcase name="getName()" classname="org.example.breadfest.ingredients.IngredientTest" time="0.0"/>
  <testcase name="getType()" classname="org.example.breadfest.ingredients.IngredientTest" time="0.0"/>
  <testcase name="getRarity()" classname="org.example.breadfest.ingredients.IngredientTest" time="0.0"/>
  <testcase name="getScore()" classname="org.example.breadfest.ingredients.IngredientTest" time="0.001"/>
  <system-out><![CDATA[]]></system-out>
  <system-err><![CDATA[]]></system-err>
</testsuite>
