<?xml version="1.0" encoding="UTF-8"?>
<testsuite name="org.example.breadfest.JSONReadingHelperTest" tests="2" skipped="0" failures="0" errors="0" timestamp="2024-05-01T03:06:05" hostname="econ2-204-18-edu.int.colorado.edu" time="0.001">
  <properties/>
  <testcase name="generateRandomElementFromJSON()" classname="org.example.breadfest.JSONReadingHelperTest" time="0.0"/>
  <testcase name="getRandomExcuse()" classname="org.example.breadfest.JSONReadingHelperTest" time="0.001"/>
  <system-out><![CDATA[]]></system-out>
  <system-err><![CDATA[]]></system-err>
</testsuite>
