<?xml version="1.0" encoding="UTF-8"?>
<testsuite name="org.example.breadfest.CaveGameTest" tests="10" skipped="0" failures="0" errors="0" timestamp="2024-04-12T02:00:11" hostname="Gustavs-MacBook-Pro.local" time="0.084">
  <properties/>
  <testcase name="enterRoom0()" classname="org.example.breadfest.CaveGameTest" time="0.066"/>
  <testcase name="moveRoom()" classname="org.example.breadfest.CaveGameTest" time="0.01"/>
  <testcase name="playerCollectsIngredient()" classname="org.example.breadfest.CaveGameTest" time="0.001"/>
  <testcase name="getObjectsAtAllLocations()" classname="org.example.breadfest.CaveGameTest" time="0.0"/>
  <testcase name="getBackgroundImage()" classname="org.example.breadfest.CaveGameTest" time="0.001"/>
  <testcase name="playerFightsDinosaur()" classname="org.example.breadfest.CaveGameTest" time="0.001"/>
  <testcase name="getIngredientInventory()" classname="org.example.breadfest.CaveGameTest" time="0.0"/>
  <testcase name="getObjectByLocation()" classname="org.example.breadfest.CaveGameTest" time="0.001"/>
  <testcase name="clickLocation()" classname="org.example.breadfest.CaveGameTest" time="0.0"/>
  <testcase name="getRoomExitDirections()" classname="org.example.breadfest.CaveGameTest" time="0.0"/>
  <system-out><![CDATA[Moved to depth 1
]]></system-out>
  <system-err><![CDATA[]]></system-err>
</testsuite>
