<?xml version="1.0" encoding="UTF-8"?>
<testsuite name="org.example.breadfest.CaveGameTest" tests="31" skipped="0" failures="0" errors="0" timestamp="2024-05-01T01:21:41" hostname="cu-engr2-1-11-10.201.40.132.int.colorado.edu" time="0.365">
  <properties/>
  <testcase name="getDinosaurImageByLocation()" classname="org.example.breadfest.CaveGameTest" time="0.008"/>
  <testcase name="fightDinosaur()" classname="org.example.breadfest.CaveGameTest" time="0.0"/>
  <testcase name="testEnterRoom0()" classname="org.example.breadfest.CaveGameTest" time="0.3"/>
  <testcase name="enterRoom0()" classname="org.example.breadfest.CaveGameTest" time="0.001"/>
  <testcase name="getIngredientImageByLocation()" classname="org.example.breadfest.CaveGameTest" time="0.0"/>
  <testcase name="getDieInformation()" classname="org.example.breadfest.CaveGameTest" time="0.0"/>
  <testcase name="testClickLocation()" classname="org.example.breadfest.CaveGameTest" time="0.002"/>
  <testcase name="getPreviousReward()" classname="org.example.breadfest.CaveGameTest" time="0.001"/>
  <testcase name="moveRoom()" classname="org.example.breadfest.CaveGameTest" time="0.006"/>
  <testcase name="getDinoImage()" classname="org.example.breadfest.CaveGameTest" time="0.0"/>
  <testcase name="getCurrPlayerHonor()" classname="org.example.breadfest.CaveGameTest" time="0.004"/>
  <testcase name="testPlayerCollectsIngredient()" classname="org.example.breadfest.CaveGameTest" time="0.005"/>
  <testcase name="bakeIngredientsFromTable()" classname="org.example.breadfest.CaveGameTest" time="0.003"/>
  <testcase name="testGetObjectByLocation()" classname="org.example.breadfest.CaveGameTest" time="0.001"/>
  <testcase name="testGetObjectsAtAllLocations()" classname="org.example.breadfest.CaveGameTest" time="0.001"/>
  <testcase name="getIngredientImageByString()" classname="org.example.breadfest.CaveGameTest" time="0.001"/>
  <testcase name="playerCollectsIngredient()" classname="org.example.breadfest.CaveGameTest" time="0.001"/>
  <testcase name="getObjectsAtAllLocations()" classname="org.example.breadfest.CaveGameTest" time="0.001"/>
  <testcase name="testMoveRoom()" classname="org.example.breadfest.CaveGameTest" time="0.009"/>
  <testcase name="updateActiveDice()" classname="org.example.breadfest.CaveGameTest" time="0.001"/>
  <testcase name="regenerateCaveSystem()" classname="org.example.breadfest.CaveGameTest" time="0.0"/>
  <testcase name="playerFightsDinosaur()" classname="org.example.breadfest.CaveGameTest" time="0.001"/>
  <testcase name="isValidIngredientList()" classname="org.example.breadfest.CaveGameTest" time="0.001"/>
  <testcase name="getIngredientInventory()" classname="org.example.breadfest.CaveGameTest" time="0.001"/>
  <testcase name="removeIngredientFromInventory()" classname="org.example.breadfest.CaveGameTest" time="0.001"/>
  <testcase name="getFightersInformation()" classname="org.example.breadfest.CaveGameTest" time="0.002"/>
  <testcase name="stopFight()" classname="org.example.breadfest.CaveGameTest" time="0.0"/>
  <testcase name="getObjectByLocation()" classname="org.example.breadfest.CaveGameTest" time="0.001"/>
  <testcase name="clickLocation()" classname="org.example.breadfest.CaveGameTest" time="0.0"/>
  <testcase name="getMaxPlayerPatience()" classname="org.example.breadfest.CaveGameTest" time="0.0"/>
  <testcase name="getRoomExitDirections()" classname="org.example.breadfest.CaveGameTest" time="0.0"/>
  <system-out><![CDATA[Moved to depth 1
Moved to depth 1
]]></system-out>
  <system-err><![CDATA[]]></system-err>
</testsuite>
